Using pre-set license
Built from '2021.3/staging' branch; Version is '2021.3.7f1 (24e8595d6d43) revision 2418777'; Using compiler version '192829333'; Build Type 'Release'
OS: 'Windows 11  (10.0.22000) 64bit CoreSingleLanguage' Language: 'en' Physical Memory: 16184 MB
BatchMode: 1, IsHumanControllingUs: 0, StartBugReporterOnCrash: 0, Is64bit: 1, IsPro: 1

COMMAND LINE ARGUMENTS:
C:\Unity versions\2021.3.7f1\Editor\Unity.exe
-adb2
-batchMode
-noUpm
-name
AssetImportWorker0
-projectPath
C:/Bell Immersive Solutions/Projects/WHO Ship Sanitation Final/EGA
-logFile
Logs/AssetImportWorker0.log
-srvPort
51892
Successfully changed project path to: C:/Bell Immersive Solutions/Projects/WHO Ship Sanitation Final/EGA
C:/Bell Immersive Solutions/Projects/WHO Ship Sanitation Final/EGA
[UnityMemory] Configuration Parameters - Can be set up in boot.config
    "memorysetup-bucket-allocator-granularity=16"
    "memorysetup-bucket-allocator-bucket-count=8"
    "memorysetup-bucket-allocator-block-size=33554432"
    "memorysetup-bucket-allocator-block-count=8"
    "memorysetup-main-allocator-block-size=16777216"
    "memorysetup-thread-allocator-block-size=16777216"
    "memorysetup-gfx-main-allocator-block-size=16777216"
    "memorysetup-gfx-thread-allocator-block-size=16777216"
    "memorysetup-cache-allocator-block-size=4194304"
    "memorysetup-typetree-allocator-block-size=2097152"
    "memorysetup-profiler-bucket-allocator-granularity=16"
    "memorysetup-profiler-bucket-allocator-bucket-count=8"
    "memorysetup-profiler-bucket-allocator-block-size=33554432"
    "memorysetup-profiler-bucket-allocator-block-count=8"
    "memorysetup-profiler-allocator-block-size=16777216"
    "memorysetup-profiler-editor-allocator-block-size=1048576"
    "memorysetup-temp-allocator-size-main=16777216"
    "memorysetup-job-temp-allocator-block-size=2097152"
    "memorysetup-job-temp-allocator-block-size-background=1048576"
    "memorysetup-job-temp-allocator-reduction-small-platforms=262144"
    "memorysetup-temp-allocator-size-background-worker=32768"
    "memorysetup-temp-allocator-size-job-worker=262144"
    "memorysetup-temp-allocator-size-preload-manager=33554432"
    "memorysetup-temp-allocator-size-nav-mesh-worker=65536"
    "memorysetup-temp-allocator-size-audio-worker=65536"
    "memorysetup-temp-allocator-size-cloud-worker=32768"
    "memorysetup-temp-allocator-size-gi-baking-worker=262144"
    "memorysetup-temp-allocator-size-gfx=262144"
Refreshing native plugins compatible for Editor in 94.79 ms, found 3 plugins.
Preloading 0 native plugins for Editor in 0.00 ms.
Initialize engine version: 2021.3.7f1 (24e8595d6d43)
[Subsystems] Discovering subsystems at path C:/Unity versions/2021.3.7f1/Editor/Data/Resources/UnitySubsystems
[Subsystems] Discovering subsystems at path C:/Bell Immersive Solutions/Projects/WHO Ship Sanitation Final/EGA/Assets
GfxDevice: creating device client; threaded=0; jobified=0
Direct3D:
    Version:  Direct3D 11.0 [level 11.1]
    Renderer: NVIDIA GeForce GTX 1650 Ti (ID=0x1f95)
    Vendor:   NVIDIA
    VRAM:     3962 MB
    Driver:   30.0.15.1278
Initialize mono
Mono path[0] = 'C:/Unity versions/2021.3.7f1/Editor/Data/Managed'
Mono path[1] = 'C:/Unity versions/2021.3.7f1/Editor/Data/MonoBleedingEdge/lib/mono/unityjit-win32'
Mono config path = 'C:/Unity versions/2021.3.7f1/Editor/Data/MonoBleedingEdge/etc'
Using monoOptions --debugger-agent=transport=dt_socket,embedding=1,server=y,suspend=n,address=127.0.0.1:56064
Begin MonoManager ReloadAssembly
Registering precompiled unity dll's ...
Register platform support module: C:/Unity versions/2021.3.7f1/Editor/Data/PlaybackEngines/WebGLSupport/UnityEditor.WebGL.Extensions.dll
Register platform support module: C:/Unity versions/2021.3.7f1/Editor/Data/PlaybackEngines/AndroidPlayer/UnityEditor.Android.Extensions.dll
Register platform support module: C:/Unity versions/2021.3.7f1/Editor/Data/PlaybackEngines/WindowsStandaloneSupport/UnityEditor.WindowsStandalone.Extensions.dll
Registered in 0.008653 seconds.
Native extension for WindowsStandalone target not found
Native extension for Android target not found
Native extension for WebGL target not found
Refreshing native plugins compatible for Editor in 86.35 ms, found 3 plugins.
Preloading 0 native plugins for Editor in 0.00 ms.
Mono: successfully reloaded assembly
- Completed reload, in  0.827 seconds
Domain Reload Profiling:
	ReloadAssembly (827ms)
		BeginReloadAssembly (89ms)
			ExecutionOrderSort (0ms)
			DisableScriptedObjects (0ms)
			BackupInstance (0ms)
			ReleaseScriptingObjects (0ms)
			CreateAndSetChildDomain (1ms)
		EndReloadAssembly (504ms)
			LoadAssemblies (87ms)
			RebuildTransferFunctionScriptingTraits (0ms)
			SetupTypeCache (116ms)
			ReleaseScriptCaches (0ms)
			RebuildScriptCaches (29ms)
			SetupLoadedEditorAssemblies (302ms)
				LogAssemblyErrors (0ms)
				InitializePlatformSupportModulesInManaged (58ms)
				SetLoadedEditorAssemblies (0ms)
				RefreshPlugins (86ms)
				BeforeProcessingInitializeOnLoad (1ms)
				ProcessInitializeOnLoadAttributes (105ms)
				ProcessInitializeOnLoadMethodAttributes (52ms)
				AfterProcessingInitializeOnLoad (0ms)
				EditorAssembliesLoaded (0ms)
			ExecutionOrderSort2 (0ms)
			AwakeInstancesAfterBackupRestoration (0ms)
Platform modules already initialized, skipping
Registering precompiled user dll's ...
Registered in 0.011201 seconds.
Android Extension - Scanning For ADB Devices 5646 ms
Begin MonoManager ReloadAssembly
Symbol file LoadedFromMemory doesn't match image C:\Bell Immersive Solutions\Projects\WHO Ship Sanitation Final\EGA\Library\PackageCache\com.unity.visualscripting@1.7.8\Editor\VisualScripting.Core\Dependencies\YamlDotNet\Unity.VisualScripting.YamlDotNet.dll
Symbol file LoadedFromMemory doesn't match image C:\Bell Immersive Solutions\Projects\WHO Ship Sanitation Final\EGA\Library\PackageCache\com.unity.visualscripting@1.7.8\Editor\VisualScripting.Core\Dependencies\DotNetZip\Unity.VisualScripting.IonicZip.dll
Native extension for WindowsStandalone target not found
Native extension for Android target not found
Native extension for WebGL target not found
Refreshing native plugins compatible for Editor in 0.57 ms, found 3 plugins.
Preloading 0 native plugins for Editor in 0.00 ms.
Mono: successfully reloaded assembly
- Completed reload, in  1.162 seconds
Domain Reload Profiling:
	ReloadAssembly (1163ms)
		BeginReloadAssembly (120ms)
			ExecutionOrderSort (0ms)
			DisableScriptedObjects (6ms)
			BackupInstance (0ms)
			ReleaseScriptingObjects (0ms)
			CreateAndSetChildDomain (20ms)
		EndReloadAssembly (924ms)
			LoadAssemblies (106ms)
			RebuildTransferFunctionScriptingTraits (0ms)
			SetupTypeCache (308ms)
			ReleaseScriptCaches (2ms)
			RebuildScriptCaches (84ms)
			SetupLoadedEditorAssemblies (378ms)
				LogAssemblyErrors (0ms)
				InitializePlatformSupportModulesInManaged (15ms)
				SetLoadedEditorAssemblies (0ms)
				RefreshPlugins (1ms)
				BeforeProcessingInitializeOnLoad (97ms)
				ProcessInitializeOnLoadAttributes (224ms)
				ProcessInitializeOnLoadMethodAttributes (26ms)
				AfterProcessingInitializeOnLoad (15ms)
				EditorAssembliesLoaded (0ms)
			ExecutionOrderSort2 (0ms)
			AwakeInstancesAfterBackupRestoration (9ms)
Platform modules already initialized, skipping
========================================================================
Worker process is ready to serve import requests
Launched and connected shader compiler UnityShaderCompiler.exe after 0.06 seconds
Refreshing native plugins compatible for Editor in 0.67 ms, found 3 plugins.
Preloading 0 native plugins for Editor in 0.00 ms.
Unloading 3462 Unused Serialized files (Serialized files now loaded: 0)
Unloading 28 unused Assets / (86.1 KB). Loaded Objects now: 3929.
Memory consumption went from 120.6 MB to 120.5 MB.
Total: 3.851600 ms (FindLiveObjects: 0.292800 ms CreateObjectMapping: 0.242700 ms MarkObjects: 3.197400 ms  DeleteObjects: 0.117900 ms)

AssetImportParameters requested are different than current active one (requested -> active):
  custom:video-decoder-ogg-theora: a1e56fd34408186e4bbccfd4996cb3dc -> 
  custom:container-muxer-webm: aa71ff27fc2769a1b78a27578f13a17b -> 
  custom:container-demuxer-webm: 4f35f7cbe854078d1ac9338744f61a02 -> 
  custom:video-encoder-webm-vp8: eb34c28f22e8b96e1ab97ce403110664 -> 
  custom:video-codec-MediaFoundation-h265: 746d11721c4dcdbdad8f713fa42b33f4 -> 
  custom:audio-encoder-webm-vorbis: bf7c407c2cedff20999df2af8eb42d56 -> 
  custom:framework-win-MediaFoundation: 216162199b28c13a410421893ffa2e32 -> 
  custom:container-demuxer-ogg: 62fdf1f143b41e24485cea50d1cbac27 -> 
  custom:video-decoder-webm-vp8: 9c59270c3fd7afecdb556c50c9e8de78 -> 
  custom:audio-decoder-ogg-vorbis: bf7c407c2cedff20999df2af8eb42d56 -> 
========================================================================
Received Import Request.
  Time since last request: 264937.271607 seconds.
  path: Assets/Prefabs
  artifactKey: Guid(6548b8907e2625f489cdc503bd97064d) Importer(815301076,1909f56bfc062723c751e8b465ee728b)
Start importing Assets/Prefabs using Guid(6548b8907e2625f489cdc503bd97064d) Importer(815301076,1909f56bfc062723c751e8b465ee728b)  -> (artifact id: '7e85d93e0eb4bbb5e555457dd9445176') in 0.017062 seconds 
========================================================================
Received Import Request.
  Time since last request: 0.012498 seconds.
  path: Assets/Prefabs/@MANAGERS.prefab
  artifactKey: Guid(a21894bc3dfbbd641b7f8499a4bf08cd) Importer(815301076,1909f56bfc062723c751e8b465ee728b)
Start importing Assets/Prefabs/@MANAGERS.prefab using Guid(a21894bc3dfbbd641b7f8499a4bf08cd) Importer(815301076,1909f56bfc062723c751e8b465ee728b)  -> (artifact id: '352f6a228e713c9aca917ac614c3f128') in 0.081474 seconds 
========================================================================
Received Prepare
Registering precompiled user dll's ...
Registered in 0.009188 seconds.
Begin MonoManager ReloadAssembly
Symbol file LoadedFromMemory doesn't match image C:\Bell Immersive Solutions\Projects\WHO Ship Sanitation Final\EGA\Library\PackageCache\com.unity.visualscripting@1.7.8\Editor\VisualScripting.Core\Dependencies\YamlDotNet\Unity.VisualScripting.YamlDotNet.dll
Symbol file LoadedFromMemory doesn't match image C:\Bell Immersive Solutions\Projects\WHO Ship Sanitation Final\EGA\Library\PackageCache\com.unity.visualscripting@1.7.8\Editor\VisualScripting.Core\Dependencies\DotNetZip\Unity.VisualScripting.IonicZip.dll
Native extension for WindowsStandalone target not found
Native extension for Android target not found
Native extension for WebGL target not found
Refreshing native plugins compatible for Editor in 0.65 ms, found 3 plugins.
Preloading 0 native plugins for Editor in 0.00 ms.
Mono: successfully reloaded assembly
- Completed reload, in  1.423 seconds
Domain Reload Profiling:
	ReloadAssembly (1423ms)
		BeginReloadAssembly (167ms)
			ExecutionOrderSort (0ms)
			DisableScriptedObjects (6ms)
			BackupInstance (0ms)
			ReleaseScriptingObjects (0ms)
			CreateAndSetChildDomain (44ms)
		EndReloadAssembly (1128ms)
			LoadAssemblies (122ms)
			RebuildTransferFunctionScriptingTraits (0ms)
			SetupTypeCache (399ms)
			ReleaseScriptCaches (1ms)
			RebuildScriptCaches (58ms)
			SetupLoadedEditorAssemblies (453ms)
				LogAssemblyErrors (0ms)
				InitializePlatformSupportModulesInManaged (50ms)
				SetLoadedEditorAssemblies (0ms)
				RefreshPlugins (1ms)
				BeforeProcessingInitializeOnLoad (117ms)
				ProcessInitializeOnLoadAttributes (244ms)
				ProcessInitializeOnLoadMethodAttributes (29ms)
				AfterProcessingInitializeOnLoad (11ms)
				EditorAssembliesLoaded (0ms)
			ExecutionOrderSort2 (0ms)
			AwakeInstancesAfterBackupRestoration (10ms)
Platform modules already initialized, skipping
Refreshing native plugins compatible for Editor in 2.39 ms, found 3 plugins.
Preloading 0 native plugins for Editor in 0.00 ms.
Unloading 3453 Unused Serialized files (Serialized files now loaded: 0)
Unloading 22 unused Assets / (78.5 KB). Loaded Objects now: 3933.
Memory consumption went from 120.1 MB to 120.0 MB.
Total: 3.149400 ms (FindLiveObjects: 0.316600 ms CreateObjectMapping: 0.191600 ms MarkObjects: 2.540500 ms  DeleteObjects: 0.099900 ms)

AssetImportParameters requested are different than current active one (requested -> active):
  custom:video-decoder-ogg-theora: a1e56fd34408186e4bbccfd4996cb3dc -> 
  custom:container-muxer-webm: aa71ff27fc2769a1b78a27578f13a17b -> 
  custom:container-demuxer-webm: 4f35f7cbe854078d1ac9338744f61a02 -> 
  custom:video-encoder-webm-vp8: eb34c28f22e8b96e1ab97ce403110664 -> 
  custom:video-codec-MediaFoundation-h265: 746d11721c4dcdbdad8f713fa42b33f4 -> 
  custom:audio-encoder-webm-vorbis: bf7c407c2cedff20999df2af8eb42d56 -> 
  custom:framework-win-MediaFoundation: 216162199b28c13a410421893ffa2e32 -> 
  custom:container-demuxer-ogg: 62fdf1f143b41e24485cea50d1cbac27 -> 
  custom:video-decoder-webm-vp8: 9c59270c3fd7afecdb556c50c9e8de78 -> 
  custom:audio-decoder-ogg-vorbis: bf7c407c2cedff20999df2af8eb42d56 -> 
========================================================================
Received Import Request.
  Time since last request: 119.279060 seconds.
  path: Assets/Prefabs/@MANAGERS.prefab
  artifactKey: Guid(a21894bc3dfbbd641b7f8499a4bf08cd) Importer(815301076,1909f56bfc062723c751e8b465ee728b)
Start importing Assets/Prefabs/@MANAGERS.prefab using Guid(a21894bc3dfbbd641b7f8499a4bf08cd) Importer(815301076,1909f56bfc062723c751e8b465ee728b)  -> (artifact id: '98772d62e2bc404cda53dca3e358e2fa') in 0.035372 seconds 
========================================================================
Received Import Request.
  Time since last request: 55.883013 seconds.
  path: Assets/Prefabs/Mission Marker
  artifactKey: Guid(5ab1d902ea6a15744a7ad7c7b39a9d4e) Importer(815301076,1909f56bfc062723c751e8b465ee728b)
Start importing Assets/Prefabs/Mission Marker using Guid(5ab1d902ea6a15744a7ad7c7b39a9d4e) Importer(815301076,1909f56bfc062723c751e8b465ee728b)  -> (artifact id: '543c5aa79c8cf32e9613b5b0f3cdd0ff') in 0.024106 seconds 
========================================================================
Received Import Request.
  Time since last request: 0.209485 seconds.
  path: Assets/Prefabs/Mission Marker/Teleport Trigger Mission Marker.prefab
  artifactKey: Guid(605908336f4f49442b922cd48e9d54c9) Importer(815301076,1909f56bfc062723c751e8b465ee728b)
Start importing Assets/Prefabs/Mission Marker/Teleport Trigger Mission Marker.prefab using Guid(605908336f4f49442b922cd48e9d54c9) Importer(815301076,1909f56bfc062723c751e8b465ee728b)  -> (artifact id: '2a09c7c05e3ef57f35b3ee962aec5c54') in 0.018408 seconds 
========================================================================
Received Import Request.
  Time since last request: 1.492447 seconds.
  path: Assets/Prefabs/Mission Marker/Marker
  artifactKey: Guid(89c4d20c5c3a29d49a31994f71e83a98) Importer(815301076,1909f56bfc062723c751e8b465ee728b)
Start importing Assets/Prefabs/Mission Marker/Marker using Guid(89c4d20c5c3a29d49a31994f71e83a98) Importer(815301076,1909f56bfc062723c751e8b465ee728b)  -> (artifact id: '7ded6b0568fbb1677d166351d7652422') in 0.009043 seconds 
========================================================================
Received Import Request.
  Time since last request: 0.060778 seconds.
  path: Assets/Prefabs/Mission Marker/Marker/Mission Marker.prefab
  artifactKey: Guid(6ca6ca27dbc00674d8563e3f33d4a5f7) Importer(815301076,1909f56bfc062723c751e8b465ee728b)
Start importing Assets/Prefabs/Mission Marker/Marker/Mission Marker.prefab using Guid(6ca6ca27dbc00674d8563e3f33d4a5f7) Importer(815301076,1909f56bfc062723c751e8b465ee728b)  -> (artifact id: '0033acf27bd667e59f1609fcc1907195') in 0.007091 seconds 
========================================================================
Received Import Request.
  Time since last request: 4.700904 seconds.
  path: Assets/Prefabs/Movement
  artifactKey: Guid(49324a89d056ba7418909a7d668966b7) Importer(815301076,1909f56bfc062723c751e8b465ee728b)
Start importing Assets/Prefabs/Movement using Guid(49324a89d056ba7418909a7d668966b7) Importer(815301076,1909f56bfc062723c751e8b465ee728b)  -> (artifact id: 'f22939ae35383e14fb6519669ebc1056') in 0.007329 seconds 
========================================================================
Received Import Request.
  Time since last request: 0.136483 seconds.
  path: Assets/Prefabs/Movement/Gameplay.prefab
  artifactKey: Guid(161829fb122e8904393b34b96207e9dd) Importer(815301076,1909f56bfc062723c751e8b465ee728b)
Start importing Assets/Prefabs/Movement/Gameplay.prefab using Guid(161829fb122e8904393b34b96207e9dd) Importer(815301076,1909f56bfc062723c751e8b465ee728b)  -> (artifact id: '4ab4ee4989dd0bca637c3405eb291eda') in 0.013776 seconds 
========================================================================
Received Import Request.
  Time since last request: 0.000082 seconds.
  path: Assets/Prefabs/Movement/UI.prefab
  artifactKey: Guid(82c9b721fba12db49a290ca6b62ccd0f) Importer(815301076,1909f56bfc062723c751e8b465ee728b)
Start importing Assets/Prefabs/Movement/UI.prefab using Guid(82c9b721fba12db49a290ca6b62ccd0f) Importer(815301076,1909f56bfc062723c751e8b465ee728b)  -> (artifact id: '08268a4a4d7c1a7003c672bf69c16c01') in 0.014515 seconds 
========================================================================
Received Import Request.
  Time since last request: 13.827424 seconds.
  path: Assets/Prefabs/Authoring tool prefabs
  artifactKey: Guid(f6b2a0e5b18be2940acb2f092caf2cbe) Importer(815301076,1909f56bfc062723c751e8b465ee728b)
Start importing Assets/Prefabs/Authoring tool prefabs using Guid(f6b2a0e5b18be2940acb2f092caf2cbe) Importer(815301076,1909f56bfc062723c751e8b465ee728b)  -> (artifact id: 'fa67e017ce7bb0d2a38506b0ee71c65a') in 0.007650 seconds 
========================================================================
Received Import Request.
  Time since last request: 0.103318 seconds.
  path: Assets/Prefabs/Authoring tool prefabs/Checklist Canvas.prefab
  artifactKey: Guid(f16742f59c296764c8baeb0a795df1d9) Importer(815301076,1909f56bfc062723c751e8b465ee728b)
Start importing Assets/Prefabs/Authoring tool prefabs/Checklist Canvas.prefab using Guid(f16742f59c296764c8baeb0a795df1d9) Importer(815301076,1909f56bfc062723c751e8b465ee728b)  -> (artifact id: '9d98c091a4da31bd4b26a8712c278ce5') in 0.059826 seconds 
========================================================================
Received Import Request.
  Time since last request: 6.548658 seconds.
  path: Assets/Prefabs/Authoring tool prefabs/Interaction Controllers
  artifactKey: Guid(396da90ea6aeb284a9e2c0bf11f0613a) Importer(815301076,1909f56bfc062723c751e8b465ee728b)
Start importing Assets/Prefabs/Authoring tool prefabs/Interaction Controllers using Guid(396da90ea6aeb284a9e2c0bf11f0613a) Importer(815301076,1909f56bfc062723c751e8b465ee728b)  -> (artifact id: 'ad2f0589c30ef129d85823a74bfaecbc') in 0.007915 seconds 
========================================================================
Received Import Request.
  Time since last request: 0.109872 seconds.
  path: Assets/Prefabs/Authoring tool prefabs/Interaction Controllers/360 Photo Viewer IC.prefab
  artifactKey: Guid(2c19e9e19754c1a4d85948218db159c3) Importer(815301076,1909f56bfc062723c751e8b465ee728b)
Start importing Assets/Prefabs/Authoring tool prefabs/Interaction Controllers/360 Photo Viewer IC.prefab using Guid(2c19e9e19754c1a4d85948218db159c3) Importer(815301076,1909f56bfc062723c751e8b465ee728b)  -> (artifact id: '1b89e1b2dc7caa288f290bd6b1d8ffdd') in 0.044075 seconds 
========================================================================
Received Import Request.
  Time since last request: 0.000024 seconds.
  path: Assets/Prefabs/Authoring tool prefabs/Interaction Controllers/Document IC.prefab
  artifactKey: Guid(8869a45918f2d8f41ac40681eb95c5b3) Importer(815301076,1909f56bfc062723c751e8b465ee728b)
Start importing Assets/Prefabs/Authoring tool prefabs/Interaction Controllers/Document IC.prefab using Guid(8869a45918f2d8f41ac40681eb95c5b3) Importer(815301076,1909f56bfc062723c751e8b465ee728b)  -> (artifact id: '12fa6e65978ec1c4eedd5ab8d6800f28') in 0.042128 seconds 
========================================================================
Received Import Request.
  Time since last request: 0.000022 seconds.
  path: Assets/Prefabs/Authoring tool prefabs/Interaction Controllers/Toggle IC.prefab
  artifactKey: Guid(63842c89311b97a4eb3f2f61b339daa5) Importer(815301076,1909f56bfc062723c751e8b465ee728b)
Start importing Assets/Prefabs/Authoring tool prefabs/Interaction Controllers/Toggle IC.prefab using Guid(63842c89311b97a4eb3f2f61b339daa5) Importer(815301076,1909f56bfc062723c751e8b465ee728b)  -> (artifact id: 'abc11165206a9a8ea4895eec84d6a87b') in 0.041563 seconds 
========================================================================
Received Prepare
Registering precompiled user dll's ...
Registered in 0.013346 seconds.
Begin MonoManager ReloadAssembly
Symbol file LoadedFromMemory doesn't match image C:\Bell Immersive Solutions\Projects\WHO Ship Sanitation Final\EGA\Library\PackageCache\com.unity.visualscripting@1.7.8\Editor\VisualScripting.Core\Dependencies\YamlDotNet\Unity.VisualScripting.YamlDotNet.dll
Symbol file LoadedFromMemory doesn't match image C:\Bell Immersive Solutions\Projects\WHO Ship Sanitation Final\EGA\Library\PackageCache\com.unity.visualscripting@1.7.8\Editor\VisualScripting.Core\Dependencies\DotNetZip\Unity.VisualScripting.IonicZip.dll
Native extension for WindowsStandalone target not found
Native extension for Android target not found
Native extension for WebGL target not found
Refreshing native plugins compatible for Editor in 0.81 ms, found 3 plugins.
Preloading 0 native plugins for Editor in 0.00 ms.
Mono: successfully reloaded assembly
- Completed reload, in  1.403 seconds
Domain Reload Profiling:
	ReloadAssembly (1403ms)
		BeginReloadAssembly (173ms)
			ExecutionOrderSort (0ms)
			DisableScriptedObjects (5ms)
			BackupInstance (0ms)
			ReleaseScriptingObjects (0ms)
			CreateAndSetChildDomain (51ms)
		EndReloadAssembly (1096ms)
			LoadAssemblies (125ms)
			RebuildTransferFunctionScriptingTraits (0ms)
			SetupTypeCache (343ms)
			ReleaseScriptCaches (1ms)
			RebuildScriptCaches (78ms)
			SetupLoadedEditorAssemblies (455ms)
				LogAssemblyErrors (0ms)
				InitializePlatformSupportModulesInManaged (31ms)
				SetLoadedEditorAssemblies (0ms)
				RefreshPlugins (1ms)
				BeforeProcessingInitializeOnLoad (100ms)
				ProcessInitializeOnLoadAttributes (271ms)
				ProcessInitializeOnLoadMethodAttributes (39ms)
				AfterProcessingInitializeOnLoad (13ms)
				EditorAssembliesLoaded (0ms)
			ExecutionOrderSort2 (0ms)
			AwakeInstancesAfterBackupRestoration (11ms)
Platform modules already initialized, skipping
Refreshing native plugins compatible for Editor in 2.35 ms, found 3 plugins.
Preloading 0 native plugins for Editor in 0.00 ms.
Unloading 3453 Unused Serialized files (Serialized files now loaded: 0)
Unloading 25 unused Assets / (80.9 KB). Loaded Objects now: 3940.
Memory consumption went from 120.3 MB to 120.2 MB.
Total: 2.771500 ms (FindLiveObjects: 0.268600 ms CreateObjectMapping: 0.164800 ms MarkObjects: 2.245700 ms  DeleteObjects: 0.091400 ms)

AssetImportParameters requested are different than current active one (requested -> active):
  custom:video-decoder-ogg-theora: a1e56fd34408186e4bbccfd4996cb3dc -> 
  custom:container-muxer-webm: aa71ff27fc2769a1b78a27578f13a17b -> 
  custom:container-demuxer-webm: 4f35f7cbe854078d1ac9338744f61a02 -> 
  custom:video-encoder-webm-vp8: eb34c28f22e8b96e1ab97ce403110664 -> 
  custom:video-codec-MediaFoundation-h265: 746d11721c4dcdbdad8f713fa42b33f4 -> 
  custom:audio-encoder-webm-vorbis: bf7c407c2cedff20999df2af8eb42d56 -> 
  custom:framework-win-MediaFoundation: 216162199b28c13a410421893ffa2e32 -> 
  custom:container-demuxer-ogg: 62fdf1f143b41e24485cea50d1cbac27 -> 
  custom:video-decoder-webm-vp8: 9c59270c3fd7afecdb556c50c9e8de78 -> 
  custom:audio-decoder-ogg-vorbis: bf7c407c2cedff20999df2af8eb42d56 -> 
========================================================================
Received Prepare
Registering precompiled user dll's ...
Registered in 0.011724 seconds.
Begin MonoManager ReloadAssembly
Symbol file LoadedFromMemory doesn't match image C:\Bell Immersive Solutions\Projects\WHO Ship Sanitation Final\EGA\Library\PackageCache\com.unity.visualscripting@1.7.8\Editor\VisualScripting.Core\Dependencies\YamlDotNet\Unity.VisualScripting.YamlDotNet.dll
Symbol file LoadedFromMemory doesn't match image C:\Bell Immersive Solutions\Projects\WHO Ship Sanitation Final\EGA\Library\PackageCache\com.unity.visualscripting@1.7.8\Editor\VisualScripting.Core\Dependencies\DotNetZip\Unity.VisualScripting.IonicZip.dll
Native extension for WindowsStandalone target not found
Native extension for Android target not found
Native extension for WebGL target not found
Refreshing native plugins compatible for Editor in 0.72 ms, found 3 plugins.
Preloading 0 native plugins for Editor in 0.00 ms.
Mono: successfully reloaded assembly
- Completed reload, in  1.321 seconds
Domain Reload Profiling:
	ReloadAssembly (1322ms)
		BeginReloadAssembly (174ms)
			ExecutionOrderSort (0ms)
			DisableScriptedObjects (9ms)
			BackupInstance (0ms)
			ReleaseScriptingObjects (0ms)
			CreateAndSetChildDomain (48ms)
		EndReloadAssembly (1028ms)
			LoadAssemblies (125ms)
			RebuildTransferFunctionScriptingTraits (0ms)
			SetupTypeCache (354ms)
			ReleaseScriptCaches (2ms)
			RebuildScriptCaches (48ms)
			SetupLoadedEditorAssemblies (450ms)
				LogAssemblyErrors (0ms)
				InitializePlatformSupportModulesInManaged (31ms)
				SetLoadedEditorAssemblies (0ms)
				RefreshPlugins (1ms)
				BeforeProcessingInitializeOnLoad (100ms)
				ProcessInitializeOnLoadAttributes (259ms)
				ProcessInitializeOnLoadMethodAttributes (42ms)
				AfterProcessingInitializeOnLoad (16ms)
				EditorAssembliesLoaded (0ms)
			ExecutionOrderSort2 (0ms)
			AwakeInstancesAfterBackupRestoration (8ms)
Platform modules already initialized, skipping
Refreshing native plugins compatible for Editor in 4.13 ms, found 3 plugins.
Preloading 0 native plugins for Editor in 0.00 ms.
Unloading 3453 Unused Serialized files (Serialized files now loaded: 0)
Unloading 22 unused Assets / (78.5 KB). Loaded Objects now: 3943.
Memory consumption went from 120.3 MB to 120.2 MB.
Total: 5.338300 ms (FindLiveObjects: 0.487100 ms CreateObjectMapping: 0.389500 ms MarkObjects: 4.306900 ms  DeleteObjects: 0.153900 ms)

AssetImportParameters requested are different than current active one (requested -> active):
  custom:video-decoder-ogg-theora: a1e56fd34408186e4bbccfd4996cb3dc -> 
  custom:container-muxer-webm: aa71ff27fc2769a1b78a27578f13a17b -> 
  custom:container-demuxer-webm: 4f35f7cbe854078d1ac9338744f61a02 -> 
  custom:video-encoder-webm-vp8: eb34c28f22e8b96e1ab97ce403110664 -> 
  custom:video-codec-MediaFoundation-h265: 746d11721c4dcdbdad8f713fa42b33f4 -> 
  custom:audio-encoder-webm-vorbis: bf7c407c2cedff20999df2af8eb42d56 -> 
  custom:framework-win-MediaFoundation: 216162199b28c13a410421893ffa2e32 -> 
  custom:container-demuxer-ogg: 62fdf1f143b41e24485cea50d1cbac27 -> 
  custom:video-decoder-webm-vp8: 9c59270c3fd7afecdb556c50c9e8de78 -> 
  custom:audio-decoder-ogg-vorbis: bf7c407c2cedff20999df2af8eb42d56 -> 
Editor requested this worker to shutdown with reason: Scaling down because of idle timeout
AssetImportWorker is now disconnected from the server
Process exiting
Exiting without the bug reporter. Application will terminate with return code 0